2024-07-21 14:18:57,573: INFO: testing the get fan favorites in country function  
2024-07-21 14:18:57,573: INFO: getting fan favorites in: US 
2024-07-21 14:19:00,929: INFO: ----------------------------------------------------------------- 
2024-07-21 14:19:00,929: INFO: testing the get actors born on date function 
2024-07-21 14:19:00,929: INFO: searching for actors that born on: month=12&day=12  
2024-07-21 14:19:02,851: INFO: ----------------------------------------------------------------- 
2024-07-21 14:19:02,852: INFO: testing the get all countries function  
2024-07-21 14:19:02,852: INFO: getting all countries 
2024-07-21 14:19:03,625: INFO: ----------------------------------------------------------------- 
2024-07-21 14:19:03,630: INFO: testing the get emmy winners function  
2024-07-21 14:19:03,630: INFO: getting all emmy winners 
2024-07-21 14:19:05,268: INFO: ----------------------------------------------------------------- 
2024-07-21 14:19:05,269: INFO: testing the get all genres function 
2024-07-21 14:19:05,269: INFO: getting all genres 
2024-07-21 14:19:05,924: INFO: ----------------------------------------------------------------- 
2024-07-21 14:19:05,925: INFO: testing the get all keywords function 
2024-07-21 14:19:05,925: INFO: getting all keywords 
2024-07-21 14:19:06,551: INFO: ----------------------------------------------------------------- 
2024-07-21 14:19:06,552: INFO: testing the get all languages function 
2024-07-21 14:19:06,552: INFO: getting all languages 
2024-07-21 14:19:07,170: INFO: ----------------------------------------------------------------- 
2024-07-21 14:19:07,172: INFO: testing the get all popular movies function 
2024-07-21 14:19:07,172: INFO: getting all popular movies 
2024-07-21 14:19:08,244: INFO: ----------------------------------------------------------------- 
2024-07-21 14:19:08,244: INFO: testing the get all popular tv shows function 
2024-07-21 14:19:08,244: INFO: getting all popular tv shows 
2024-07-21 14:19:09,329: INFO: ----------------------------------------------------------------- 
2024-07-21 14:19:09,329: INFO: testing the get oscars winners function  
2024-07-21 14:19:09,329: INFO: getting all oscars winners 
2024-07-21 14:19:10,393: INFO: ----------------------------------------------------------------- 
2024-07-21 14:19:10,395: INFO: testing the get popular movies with genre and country filters function 
2024-07-21 14:19:10,395: INFO: getting all popular Action movies in the US 
2024-07-21 14:19:11,458: INFO: ----------------------------------------------------------------- 
2024-07-21 14:19:11,458: INFO: testing the get popular tv shows with genre and country filters function 
2024-07-21 14:19:11,458: INFO: getting all popular Action tv shows, in the US 
2024-07-21 14:19:12,521: INFO: ----------------------------------------------------------------- 
2024-07-21 14:19:12,522: INFO: testing the get week's top ten function 
2024-07-21 14:19:12,522: INFO: getting the week's top ten 
2024-07-21 14:19:13,604: INFO: ----------------------------------------------------------------- 
2024-07-21 14:19:13,605: INFO: testing the get popular celebrities function 
2024-07-21 14:19:13,605: INFO: getting all popular celebrities 
2024-07-21 14:19:14,907: INFO: ----------------------------------------------------------------- 
2024-07-21 14:19:14,909: INFO: testing the search function with invalid input 
2024-07-21 14:19:14,909: INFO: searching for: Harry Potter 
2024-07-21 14:19:16,176: INFO: ----------------------------------------------------------------- 
2024-07-21 14:19:16,177: INFO: testing the search function with valid input  
2024-07-21 14:19:16,177: INFO: searching for: Harry_Potter 
2024-07-21 14:19:16,919: INFO: ----------------------------------------------------------------- 
2024-07-21 14:19:16,919: INFO: testing the get upcoming movies in country function 
2024-07-21 14:19:16,920: INFO: getting upcoming movies in: IN 
2024-07-21 14:19:19,394: INFO: ----------------------------------------------------------------- 
2024-07-21 14:19:19,395: INFO: testing the get upcoming tv episodes in country function 
2024-07-21 14:19:19,395: INFO: getting upcoming tv episodes in: IN 
2024-07-21 14:19:21,926: INFO: ----------------------------------------------------------------- 
2024-07-21 14:19:21,927: INFO: testing the get upcoming tv series in country function 
2024-07-21 14:19:21,927: INFO: getting upcoming tv series in: IN 
2024-07-21 14:19:23,696: INFO: ----------------------------------------------------------------- 
2024-07-21 14:19:23,697: INFO: testing the get what's streaming in country function  
2024-07-21 14:19:23,697: INFO: getting what's streaming in: US 
2024-07-21 14:19:29,565: INFO: ----------------------------------------------------------------- 
